make: 'gocompiler.out' is up to date.
Testcases
---------------------------------------------
❌ FAILED testcases/meta2/blocks.dgo
❌ FAILED testcases/meta2/braces.dgo
❌ FAILED testcases/meta2/circle.dgo
✅ PASSED testcases/meta2/eof.dgo
✅ PASSED testcases/meta2/eof1.dgo
❌ FAILED testcases/meta2/error_unbalanced_par.dgo
❌ FAILED testcases/meta2/errors.dgo
✅ PASSED testcases/meta2/expressionHard.dgo
❌ FAILED testcases/meta2/expressions.dgo
❌ FAILED testcases/meta2/expressions_2.dgo
❌ FAILED testcases/meta2/factorial.dgo
❌ FAILED testcases/meta2/funcParams.dgo
❌ FAILED testcases/meta2/multiple_funcdecl_blocks.dgo
❌ FAILED testcases/meta2/precedence.dgo
✅ PASSED testcases/meta2/smallest.dgo
✅ PASSED testcases/meta2/stat_error.dgo
✅ PASSED testcases/meta2/stat_error2.dgo
❌ FAILED testcases/meta2/statements.dgo
❌ FAILED testcases/meta2/statements_ast.dgo
❌ FAILED testcases/meta2/sum.dgo
❌ FAILED testcases/meta2/syntax_errors_stmt.dgo
❌ FAILED testcases/meta2/testeErros.dgo
❌ FAILED testcases/meta2/varfuncdecl.dgo
❌ FAILED testcases/meta2/variable_func_declarations.dgo
